#-----------------------------------------------------------
# Vivado v2018.2 (64-bit)
# SW Build 2258646 on Thu Jun 14 20:02:38 MDT 2018
# IP Build 2256618 on Thu Jun 14 22:10:49 MDT 2018
# Start of session at: Mon Sep 30 14:40:31 2019
# Process ID: 21217
# Current directory: /home/mihalic/vivado/multes-vcu1525/hw/src/muu
# Command line: vivado
# Log file: /home/mihalic/vivado/multes-vcu1525/hw/src/muu/vivado.log
# Journal file: /home/mihalic/vivado/multes-vcu1525/hw/src/muu/vivado.jou
#-----------------------------------------------------------
start_gui
open_project /home/mihalic/vivado/multes-vcu1525/multes_vcu1525/multes_vcu1525.xpr
Scanning sources...
Finished scanning sources
WARNING: [filemgmt 56-3] IP Repository Path: Could not find the directory '/home/mihalic/vivado/fpga-network-stack-vcu1525/iprepo'.
INFO: [IP_Flow 19-234] Refreshing IP repositories
WARNING: [IP_Flow 19-2248] Failed to load user IP repository '/home/mihalic/vivado/fpga-network-stack-vcu1525/iprepo'; Can't find the specified path.
If this directory should no longer be in your list of user repositories, go to the IP Settings dialog and remove it.
INFO: [IP_Flow 19-2313] Loaded Vivado IP repository '/opt/Xilinx/Vivado/2018.2/data/ip'.
WARNING: [IP_Flow 19-2162] IP 'arp_server_subnet_ip' is locked:
* IP definition 'arp_server_subnet (1.0)' for IP 'arp_server_subnet_ip' (customized with software release 2018.2) was not found in the IP Catalog.
Please select 'Report IP Status' from the 'Tools/Report' menu or run Tcl command 'report_ip_status' for more information.
WARNING: [IP_Flow 19-2162] IP 'icmp_server_ip' is locked:
* IP definition 'icmp_server (1.67)' for IP 'icmp_server_ip' (customized with software release 2018.2) was not found in the IP Catalog.
Please select 'Report IP Status' from the 'Tools/Report' menu or run Tcl command 'report_ip_status' for more information.
WARNING: [IP_Flow 19-2162] IP 'ip_handler_ip' is locked:
* IP definition 'ip_handler (1.2)' for IP 'ip_handler_ip' (customized with software release 2018.2) was not found in the IP Catalog.
Please select 'Report IP Status' from the 'Tools/Report' menu or run Tcl command 'report_ip_status' for more information.
WARNING: [IP_Flow 19-2162] IP 'mac_ip_encode_ip' is locked:
* IP definition 'mac_ip_encode (1.04)' for IP 'mac_ip_encode_ip' (customized with software release 2018.2) was not found in the IP Catalog.
Please select 'Report IP Status' from the 'Tools/Report' menu or run Tcl command 'report_ip_status' for more information.
WARNING: [IP_Flow 19-2162] IP 'ethernet_frame_padding_ip' is locked:
* IP definition 'ethernet_frame_padding (0.1)' for IP 'ethernet_frame_padding_ip' (customized with software release 2018.2) was not found in the IP Catalog.
Please select 'Report IP Status' from the 'Tools/Report' menu or run Tcl command 'report_ip_status' for more information.
WARNING: [IP_Flow 19-2162] IP 'shortcut_to_ip_201801' is locked:
* IP definition 'toe (1.6)' for IP 'shortcut_to_ip_201801' (customized with software release 2018.2) was not found in the IP Catalog.
Please select 'Report IP Status' from the 'Tools/Report' menu or run Tcl command 'report_ip_status' for more information.
open_project: Time (s): cpu = 00:00:40 ; elapsed = 00:00:20 . Memory (MB): peak = 6534.199 ; gain = 525.156 ; free physical = 8724 ; free virtual = 14787
open_hw
connect_hw_server -url veleta1:3121
INFO: [Labtools 27-2285] Connecting to hw_server url TCP:veleta1:3121
current_hw_target [get_hw_targets */xilinx_tcf/Xilinx/12809621t092A]
set_property PARAM.FREQUENCY 15000000 [get_hw_targets */xilinx_tcf/Xilinx/12809621t092A]
open_hw_target
INFO: [Labtoolstcl 44-466] Opening hw_target veleta1:3121/xilinx_tcf/Xilinx/12809621t092A
set_property PROGRAM.FILE {/home/mihalic/vivado/multes-vcu1525/multes_vcu1525/multes_vcu1525.runs/impl_1/vcu1525_top_multes.bit} [get_hw_devices xcvu9p_0]
set_property PROBES.FILE {/home/mihalic/vivado/multes-vcu1525/multes_vcu1525/multes_vcu1525.runs/impl_1/vcu1525_top_multes.ltx} [get_hw_devices xcvu9p_0]
set_property FULL_PROBES.FILE {/home/mihalic/vivado/multes-vcu1525/multes_vcu1525/multes_vcu1525.runs/impl_1/vcu1525_top_multes.ltx} [get_hw_devices xcvu9p_0]
current_hw_device [get_hw_devices xcvu9p_0]
refresh_hw_device [lindex [get_hw_devices xcvu9p_0] 0]
INFO: [Labtools 27-2302] Device xcvu9p (JTAG device index = 0) is programmed with a design that has 2 MIG core(s).
INFO: [Labtools 27-2302] Device xcvu9p (JTAG device index = 0) is programmed with a design that has 1 VIO core(s).
WARNING: [Labtools 27-3413] Dropping logic core with cellname:'u_ila_0' at location '1:3-0' from probes file, since it cannot be found on the programmed device.
set_property PROBES.FILE {/home/mihalic/vivado/multes-vcu1525/multes_vcu1525/multes_vcu1525.runs/impl_1/vcu1525_top_multes.ltx} [get_hw_devices xcvu9p_0]
set_property FULL_PROBES.FILE {/home/mihalic/vivado/multes-vcu1525/multes_vcu1525/multes_vcu1525.runs/impl_1/vcu1525_top_multes.ltx} [get_hw_devices xcvu9p_0]
set_property PROGRAM.FILE {/home/mihalic/vivado/multes-vcu1525/multes_vcu1525/multes_vcu1525.runs/impl_1/vcu1525_top_multes.bit} [get_hw_devices xcvu9p_0]
program_hw_devices [get_hw_devices xcvu9p_0]
INFO: [Labtools 27-3164] End of startup status: HIGH
program_hw_devices: Time (s): cpu = 00:00:48 ; elapsed = 00:00:46 . Memory (MB): peak = 7150.500 ; gain = 0.000 ; free physical = 8163 ; free virtual = 14211
refresh_hw_device [lindex [get_hw_devices xcvu9p_0] 0]
WARNING: [Labtools 27-3089] Calibration is still in-progress.
WARNING: [Labtools 27-3089] Calibration is still in-progress.
INFO: [Labtools 27-2302] Device xcvu9p (JTAG device index = 0) is programmed with a design that has 1 ILA core(s).
INFO: [Labtools 27-2302] Device xcvu9p (JTAG device index = 0) is programmed with a design that has 2 MIG core(s).
INFO: [Labtools 27-2302] Device xcvu9p (JTAG device index = 0) is programmed with a design that has 1 VIO core(s).
INFO: [Labtools 27-3143] Calibration status change detected, refreshing MIG_1
INFO: [Labtools 27-3143] Calibration status change detected, refreshing MIG_2
display_hw_ila_data [ get_hw_ila_data hw_ila_data_1 -of_objects [get_hw_ilas -of_objects [get_hw_devices xcvu9p_0] -filter {CELL_NAME=~"u_ila_0"}]]
WARNING: Simulation object multiuser_kvs_top/muukvs_instance/snappy_decompressor/out_data was not found in the design.
WARNING: Simulation object multiuser_kvs_top/muukvs_instance/snappy_decompressor/out_valid was not found in the design.
WARNING: Simulation object multiuser_kvs_top/muukvs_instance/snappy_decompressor/out_last was not found in the design.
WARNING: Simulation object multiuser_kvs_top/muukvs_instance/snappy_decompressor/out_ready was not found in the design.
WARNING: Simulation object multiuser_kvs_top/muukvs_instance/snappy_decompressor/out_data_addr was not found in the design.
WARNING: Simulation object multiuser_kvs_top/muukvs_instance/snappy_decompressor/out_datas[0] was not found in the design.
WARNING: Simulation object multiuser_kvs_top/muukvs_instance/snappy_decompressor/out_valids was not found in the design.
WARNING: Simulation object multiuser_kvs_top/muukvs_instance/snappy_decompressor/out_lasts was not found in the design.
WARNING: Simulation object u_ila_0_out_readys was not found in the design.
INFO: [Labtools 27-3304] ILA Waveform data saved to file /home/mihalic/vivado/multes-vcu1525/multes_vcu1525/multes_vcu1525.hw/backup/hw_ila_data_1.ila. Use Tcl command 'read_hw_ila_data' or Vivado File->Import->Import ILA Data menu item to import the previously saved data.
set_property PROBES.FILE {/home/mihalic/vivado/multes-vcu1525/multes_vcu1525/multes_vcu1525.runs/impl_1/vcu1525_top_multes.ltx} [get_hw_devices xcvu9p_0]
set_property FULL_PROBES.FILE {/home/mihalic/vivado/multes-vcu1525/multes_vcu1525/multes_vcu1525.runs/impl_1/vcu1525_top_multes.ltx} [get_hw_devices xcvu9p_0]
set_property PROGRAM.FILE {/home/mihalic/vivado/multes-vcu1525/multes_vcu1525/multes_vcu1525.runs/impl_1/vcu1525_top_multes.bit} [get_hw_devices xcvu9p_0]
program_hw_devices [get_hw_devices xcvu9p_0]
INFO: [Labtools 27-3164] End of startup status: HIGH
program_hw_devices: Time (s): cpu = 00:00:48 ; elapsed = 00:00:46 . Memory (MB): peak = 7150.500 ; gain = 0.000 ; free physical = 8112 ; free virtual = 14181
refresh_hw_device [lindex [get_hw_devices xcvu9p_0] 0]
WARNING: [Labtools 27-3089] Calibration is still in-progress.
WARNING: [Labtools 27-3089] Calibration is still in-progress.
INFO: [Labtools 27-2302] Device xcvu9p (JTAG device index = 0) is programmed with a design that has 1 ILA core(s).
INFO: [Labtools 27-2302] Device xcvu9p (JTAG device index = 0) is programmed with a design that has 2 MIG core(s).
INFO: [Labtools 27-2302] Device xcvu9p (JTAG device index = 0) is programmed with a design that has 1 VIO core(s).
INFO: [Labtools 27-3304] ILA Waveform data saved to file /home/mihalic/vivado/multes-vcu1525/multes_vcu1525/multes_vcu1525.hw/backup/hw_ila_data_1.ila. Use Tcl command 'read_hw_ila_data' or Vivado File->Import->Import ILA Data menu item to import the previously saved data.
INFO: [Labtools 27-3143] Calibration status change detected, refreshing MIG_1
INFO: [Labtools 27-3143] Calibration status change detected, refreshing MIG_2
set_property PROBES.FILE {/home/mihalic/vivado/multes-vcu1525/multes_vcu1525/multes_vcu1525.runs/impl_1/vcu1525_top_multes.ltx} [get_hw_devices xcvu9p_0]
set_property FULL_PROBES.FILE {/home/mihalic/vivado/multes-vcu1525/multes_vcu1525/multes_vcu1525.runs/impl_1/vcu1525_top_multes.ltx} [get_hw_devices xcvu9p_0]
set_property PROGRAM.FILE {/home/mihalic/vivado/multes-vcu1525/multes_vcu1525/multes_vcu1525.runs/impl_1/vcu1525_top_multes.bit} [get_hw_devices xcvu9p_0]
program_hw_devices [get_hw_devices xcvu9p_0]
INFO: [Labtools 27-3164] End of startup status: HIGH
program_hw_devices: Time (s): cpu = 00:00:48 ; elapsed = 00:00:46 . Memory (MB): peak = 7150.500 ; gain = 0.000 ; free physical = 8105 ; free virtual = 14173
refresh_hw_device [lindex [get_hw_devices xcvu9p_0] 0]
WARNING: [Labtools 27-3089] Calibration is still in-progress.
WARNING: [Labtools 27-3089] Calibration is still in-progress.
INFO: [Labtools 27-2302] Device xcvu9p (JTAG device index = 0) is programmed with a design that has 1 ILA core(s).
INFO: [Labtools 27-2302] Device xcvu9p (JTAG device index = 0) is programmed with a design that has 2 MIG core(s).
INFO: [Labtools 27-2302] Device xcvu9p (JTAG device index = 0) is programmed with a design that has 1 VIO core(s).
INFO: [Labtools 27-3304] ILA Waveform data saved to file /home/mihalic/vivado/multes-vcu1525/multes_vcu1525/multes_vcu1525.hw/backup/hw_ila_data_1.ila. Use Tcl command 'read_hw_ila_data' or Vivado File->Import->Import ILA Data menu item to import the previously saved data.
INFO: [Labtools 27-3143] Calibration status change detected, refreshing MIG_1
INFO: [Labtools 27-3143] Calibration status change detected, refreshing MIG_2
set_property PROBES.FILE {/home/mihalic/vivado/multes-vcu1525/multes_vcu1525/multes_vcu1525.runs/impl_1/vcu1525_top_multes.ltx} [get_hw_devices xcvu9p_0]
set_property FULL_PROBES.FILE {/home/mihalic/vivado/multes-vcu1525/multes_vcu1525/multes_vcu1525.runs/impl_1/vcu1525_top_multes.ltx} [get_hw_devices xcvu9p_0]
set_property PROGRAM.FILE {/home/mihalic/vivado/multes-vcu1525/multes_vcu1525/multes_vcu1525.runs/impl_1/vcu1525_top_multes.bit} [get_hw_devices xcvu9p_0]
program_hw_devices [get_hw_devices xcvu9p_0]
INFO: [Labtools 27-3164] End of startup status: HIGH
program_hw_devices: Time (s): cpu = 00:00:47 ; elapsed = 00:00:46 . Memory (MB): peak = 7150.500 ; gain = 0.000 ; free physical = 7453 ; free virtual = 13843
refresh_hw_device [lindex [get_hw_devices xcvu9p_0] 0]
WARNING: [Labtools 27-3089] Calibration is still in-progress.
WARNING: [Labtools 27-3089] Calibration is still in-progress.
INFO: [Labtools 27-2302] Device xcvu9p (JTAG device index = 0) is programmed with a design that has 1 ILA core(s).
INFO: [Labtools 27-2302] Device xcvu9p (JTAG device index = 0) is programmed with a design that has 2 MIG core(s).
INFO: [Labtools 27-2302] Device xcvu9p (JTAG device index = 0) is programmed with a design that has 1 VIO core(s).
INFO: [Labtools 27-3304] ILA Waveform data saved to file /home/mihalic/vivado/multes-vcu1525/multes_vcu1525/multes_vcu1525.hw/backup/hw_ila_data_1.ila. Use Tcl command 'read_hw_ila_data' or Vivado File->Import->Import ILA Data menu item to import the previously saved data.
INFO: [Labtools 27-3143] Calibration status change detected, refreshing MIG_1
INFO: [Labtools 27-3143] Calibration status change detected, refreshing MIG_2
set_property PROBES.FILE {/home/mihalic/vivado/multes-vcu1525/multes_vcu1525/multes_vcu1525.runs/impl_1/vcu1525_top_multes.ltx} [get_hw_devices xcvu9p_0]
set_property FULL_PROBES.FILE {/home/mihalic/vivado/multes-vcu1525/multes_vcu1525/multes_vcu1525.runs/impl_1/vcu1525_top_multes.ltx} [get_hw_devices xcvu9p_0]
set_property PROGRAM.FILE {/home/mihalic/vivado/multes-vcu1525/multes_vcu1525/multes_vcu1525.runs/impl_1/vcu1525_top_multes.bit} [get_hw_devices xcvu9p_0]
program_hw_devices [get_hw_devices xcvu9p_0]
INFO: [Labtools 27-3164] End of startup status: HIGH
program_hw_devices: Time (s): cpu = 00:00:47 ; elapsed = 00:00:46 . Memory (MB): peak = 7150.500 ; gain = 0.000 ; free physical = 7136 ; free virtual = 13697
refresh_hw_device [lindex [get_hw_devices xcvu9p_0] 0]
WARNING: [Labtools 27-3089] Calibration is still in-progress.
WARNING: [Labtools 27-3089] Calibration is still in-progress.
INFO: [Labtools 27-2302] Device xcvu9p (JTAG device index = 0) is programmed with a design that has 1 ILA core(s).
INFO: [Labtools 27-2302] Device xcvu9p (JTAG device index = 0) is programmed with a design that has 2 MIG core(s).
INFO: [Labtools 27-2302] Device xcvu9p (JTAG device index = 0) is programmed with a design that has 1 VIO core(s).
INFO: [Labtools 27-3304] ILA Waveform data saved to file /home/mihalic/vivado/multes-vcu1525/multes_vcu1525/multes_vcu1525.hw/backup/hw_ila_data_1.ila. Use Tcl command 'read_hw_ila_data' or Vivado File->Import->Import ILA Data menu item to import the previously saved data.
INFO: [Labtools 27-3143] Calibration status change detected, refreshing MIG_1
INFO: [Labtools 27-3143] Calibration status change detected, refreshing MIG_2
set_property PROBES.FILE {/home/mihalic/vivado/multes-vcu1525/multes_vcu1525/multes_vcu1525.runs/impl_1/vcu1525_top_multes.ltx} [get_hw_devices xcvu9p_0]
set_property FULL_PROBES.FILE {/home/mihalic/vivado/multes-vcu1525/multes_vcu1525/multes_vcu1525.runs/impl_1/vcu1525_top_multes.ltx} [get_hw_devices xcvu9p_0]
set_property PROGRAM.FILE {/home/mihalic/vivado/multes-vcu1525/multes_vcu1525/multes_vcu1525.runs/impl_1/vcu1525_top_multes.bit} [get_hw_devices xcvu9p_0]
program_hw_devices [get_hw_devices xcvu9p_0]
INFO: [Labtools 27-3164] End of startup status: HIGH
program_hw_devices: Time (s): cpu = 00:00:47 ; elapsed = 00:00:46 . Memory (MB): peak = 7150.500 ; gain = 0.000 ; free physical = 7007 ; free virtual = 13622
refresh_hw_device [lindex [get_hw_devices xcvu9p_0] 0]
WARNING: [Labtools 27-3089] Calibration is still in-progress.
WARNING: [Labtools 27-3089] Calibration is still in-progress.
INFO: [Labtools 27-2302] Device xcvu9p (JTAG device index = 0) is programmed with a design that has 1 ILA core(s).
INFO: [Labtools 27-2302] Device xcvu9p (JTAG device index = 0) is programmed with a design that has 2 MIG core(s).
INFO: [Labtools 27-2302] Device xcvu9p (JTAG device index = 0) is programmed with a design that has 1 VIO core(s).
INFO: [Labtools 27-3304] ILA Waveform data saved to file /home/mihalic/vivado/multes-vcu1525/multes_vcu1525/multes_vcu1525.hw/backup/hw_ila_data_1.ila. Use Tcl command 'read_hw_ila_data' or Vivado File->Import->Import ILA Data menu item to import the previously saved data.
INFO: [Labtools 27-3143] Calibration status change detected, refreshing MIG_1
INFO: [Labtools 27-3143] Calibration status change detected, refreshing MIG_2
set_property PROBES.FILE {/home/mihalic/vivado/multes-vcu1525/multes_vcu1525/multes_vcu1525.runs/impl_1/vcu1525_top_multes.ltx} [get_hw_devices xcvu9p_0]
set_property FULL_PROBES.FILE {/home/mihalic/vivado/multes-vcu1525/multes_vcu1525/multes_vcu1525.runs/impl_1/vcu1525_top_multes.ltx} [get_hw_devices xcvu9p_0]
set_property PROGRAM.FILE {/home/mihalic/vivado/multes-vcu1525/multes_vcu1525/multes_vcu1525.runs/impl_1/vcu1525_top_multes.bit} [get_hw_devices xcvu9p_0]
program_hw_devices [get_hw_devices xcvu9p_0]
INFO: [Labtools 27-3164] End of startup status: HIGH
program_hw_devices: Time (s): cpu = 00:00:47 ; elapsed = 00:00:46 . Memory (MB): peak = 7150.500 ; gain = 0.000 ; free physical = 6968 ; free virtual = 13590
refresh_hw_device [lindex [get_hw_devices xcvu9p_0] 0]
WARNING: [Labtools 27-3089] Calibration is still in-progress.
WARNING: [Labtools 27-3089] Calibration is still in-progress.
INFO: [Labtools 27-2302] Device xcvu9p (JTAG device index = 0) is programmed with a design that has 1 ILA core(s).
INFO: [Labtools 27-2302] Device xcvu9p (JTAG device index = 0) is programmed with a design that has 2 MIG core(s).
INFO: [Labtools 27-2302] Device xcvu9p (JTAG device index = 0) is programmed with a design that has 1 VIO core(s).
INFO: [Labtools 27-3304] ILA Waveform data saved to file /home/mihalic/vivado/multes-vcu1525/multes_vcu1525/multes_vcu1525.hw/backup/hw_ila_data_1.ila. Use Tcl command 'read_hw_ila_data' or Vivado File->Import->Import ILA Data menu item to import the previously saved data.
INFO: [Labtools 27-3143] Calibration status change detected, refreshing MIG_1
INFO: [Labtools 27-3143] Calibration status change detected, refreshing MIG_2
set_property PROBES.FILE {/home/mihalic/vivado/multes-vcu1525/multes_vcu1525/multes_vcu1525.runs/impl_1/vcu1525_top_multes.ltx} [get_hw_devices xcvu9p_0]
set_property FULL_PROBES.FILE {/home/mihalic/vivado/multes-vcu1525/multes_vcu1525/multes_vcu1525.runs/impl_1/vcu1525_top_multes.ltx} [get_hw_devices xcvu9p_0]
set_property PROGRAM.FILE {/home/mihalic/vivado/multes-vcu1525/multes_vcu1525/multes_vcu1525.runs/impl_1/vcu1525_top_multes.bit} [get_hw_devices xcvu9p_0]
program_hw_devices [get_hw_devices xcvu9p_0]
INFO: [Labtools 27-3164] End of startup status: HIGH
program_hw_devices: Time (s): cpu = 00:00:47 ; elapsed = 00:00:46 . Memory (MB): peak = 7150.500 ; gain = 0.000 ; free physical = 6944 ; free virtual = 13563
refresh_hw_device [lindex [get_hw_devices xcvu9p_0] 0]
WARNING: [Labtools 27-3089] Calibration is still in-progress.
WARNING: [Labtools 27-3089] Calibration is still in-progress.
INFO: [Labtools 27-2302] Device xcvu9p (JTAG device index = 0) is programmed with a design that has 1 ILA core(s).
INFO: [Labtools 27-2302] Device xcvu9p (JTAG device index = 0) is programmed with a design that has 2 MIG core(s).
INFO: [Labtools 27-2302] Device xcvu9p (JTAG device index = 0) is programmed with a design that has 1 VIO core(s).
INFO: [Labtools 27-3304] ILA Waveform data saved to file /home/mihalic/vivado/multes-vcu1525/multes_vcu1525/multes_vcu1525.hw/backup/hw_ila_data_1.ila. Use Tcl command 'read_hw_ila_data' or Vivado File->Import->Import ILA Data menu item to import the previously saved data.
INFO: [Labtools 27-3143] Calibration status change detected, refreshing MIG_1
INFO: [Labtools 27-3143] Calibration status change detected, refreshing MIG_2
set_property PROBES.FILE {/home/mihalic/vivado/multes-vcu1525/multes_vcu1525/multes_vcu1525.runs/impl_1/vcu1525_top_multes.ltx} [get_hw_devices xcvu9p_0]
set_property FULL_PROBES.FILE {/home/mihalic/vivado/multes-vcu1525/multes_vcu1525/multes_vcu1525.runs/impl_1/vcu1525_top_multes.ltx} [get_hw_devices xcvu9p_0]
set_property PROGRAM.FILE {/home/mihalic/vivado/multes-vcu1525/multes_vcu1525/multes_vcu1525.runs/impl_1/vcu1525_top_multes.bit} [get_hw_devices xcvu9p_0]
program_hw_devices [get_hw_devices xcvu9p_0]
INFO: [Labtools 27-3164] End of startup status: HIGH
program_hw_devices: Time (s): cpu = 00:00:47 ; elapsed = 00:00:46 . Memory (MB): peak = 7150.500 ; gain = 0.000 ; free physical = 6986 ; free virtual = 13550
refresh_hw_device [lindex [get_hw_devices xcvu9p_0] 0]
WARNING: [Labtools 27-3089] Calibration is still in-progress.
WARNING: [Labtools 27-3089] Calibration is still in-progress.
INFO: [Labtools 27-2302] Device xcvu9p (JTAG device index = 0) is programmed with a design that has 1 ILA core(s).
INFO: [Labtools 27-2302] Device xcvu9p (JTAG device index = 0) is programmed with a design that has 2 MIG core(s).
INFO: [Labtools 27-2302] Device xcvu9p (JTAG device index = 0) is programmed with a design that has 1 VIO core(s).
INFO: [Labtools 27-3304] ILA Waveform data saved to file /home/mihalic/vivado/multes-vcu1525/multes_vcu1525/multes_vcu1525.hw/backup/hw_ila_data_1.ila. Use Tcl command 'read_hw_ila_data' or Vivado File->Import->Import ILA Data menu item to import the previously saved data.
INFO: [Labtools 27-3143] Calibration status change detected, refreshing MIG_1
INFO: [Labtools 27-3143] Calibration status change detected, refreshing MIG_2
set_property PROBES.FILE {/home/mihalic/vivado/multes-vcu1525/multes_vcu1525/multes_vcu1525.runs/impl_1/vcu1525_top_multes.ltx} [get_hw_devices xcvu9p_0]
set_property FULL_PROBES.FILE {/home/mihalic/vivado/multes-vcu1525/multes_vcu1525/multes_vcu1525.runs/impl_1/vcu1525_top_multes.ltx} [get_hw_devices xcvu9p_0]
set_property PROGRAM.FILE {/home/mihalic/vivado/multes-vcu1525/multes_vcu1525/multes_vcu1525.runs/impl_1/vcu1525_top_multes.bit} [get_hw_devices xcvu9p_0]
program_hw_devices [get_hw_devices xcvu9p_0]
INFO: [Labtools 27-3164] End of startup status: HIGH
program_hw_devices: Time (s): cpu = 00:00:47 ; elapsed = 00:00:46 . Memory (MB): peak = 7150.500 ; gain = 0.000 ; free physical = 6975 ; free virtual = 13538
refresh_hw_device [lindex [get_hw_devices xcvu9p_0] 0]
WARNING: [Labtools 27-3089] Calibration is still in-progress.
WARNING: [Labtools 27-3089] Calibration is still in-progress.
INFO: [Labtools 27-2302] Device xcvu9p (JTAG device index = 0) is programmed with a design that has 1 ILA core(s).
INFO: [Labtools 27-2302] Device xcvu9p (JTAG device index = 0) is programmed with a design that has 2 MIG core(s).
INFO: [Labtools 27-2302] Device xcvu9p (JTAG device index = 0) is programmed with a design that has 1 VIO core(s).
INFO: [Labtools 27-3304] ILA Waveform data saved to file /home/mihalic/vivado/multes-vcu1525/multes_vcu1525/multes_vcu1525.hw/backup/hw_ila_data_1.ila. Use Tcl command 'read_hw_ila_data' or Vivado File->Import->Import ILA Data menu item to import the previously saved data.
INFO: [Labtools 27-3143] Calibration status change detected, refreshing MIG_1
INFO: [Labtools 27-3143] Calibration status change detected, refreshing MIG_2
set_property PROBES.FILE {/home/mihalic/vivado/multes-vcu1525/multes_vcu1525/multes_vcu1525.runs/impl_1/vcu1525_top_multes.ltx} [get_hw_devices xcvu9p_0]
set_property FULL_PROBES.FILE {/home/mihalic/vivado/multes-vcu1525/multes_vcu1525/multes_vcu1525.runs/impl_1/vcu1525_top_multes.ltx} [get_hw_devices xcvu9p_0]
set_property PROGRAM.FILE {/home/mihalic/vivado/multes-vcu1525/multes_vcu1525/multes_vcu1525.runs/impl_1/vcu1525_top_multes.bit} [get_hw_devices xcvu9p_0]
program_hw_devices [get_hw_devices xcvu9p_0]
INFO: [Labtools 27-3164] End of startup status: HIGH
program_hw_devices: Time (s): cpu = 00:00:47 ; elapsed = 00:00:46 . Memory (MB): peak = 7150.500 ; gain = 0.000 ; free physical = 6695 ; free virtual = 13405
refresh_hw_device [lindex [get_hw_devices xcvu9p_0] 0]
WARNING: [Labtools 27-3089] Calibration is still in-progress.
WARNING: [Labtools 27-3089] Calibration is still in-progress.
INFO: [Labtools 27-2302] Device xcvu9p (JTAG device index = 0) is programmed with a design that has 1 ILA core(s).
INFO: [Labtools 27-2302] Device xcvu9p (JTAG device index = 0) is programmed with a design that has 2 MIG core(s).
INFO: [Labtools 27-2302] Device xcvu9p (JTAG device index = 0) is programmed with a design that has 1 VIO core(s).
INFO: [Labtools 27-3304] ILA Waveform data saved to file /home/mihalic/vivado/multes-vcu1525/multes_vcu1525/multes_vcu1525.hw/backup/hw_ila_data_1.ila. Use Tcl command 'read_hw_ila_data' or Vivado File->Import->Import ILA Data menu item to import the previously saved data.
INFO: [Labtools 27-3143] Calibration status change detected, refreshing MIG_1
INFO: [Labtools 27-3143] Calibration status change detected, refreshing MIG_2
export_ip_user_files -of_objects  [get_files /home/mihalic/vivado/multes-vcu1525/multes_vcu1525/multes_vcu1525.srcs/sources_1/imports/muu/muu_value_get_decompress.v] -no_script -reset -force -quiet
remove_files  /home/mihalic/vivado/multes-vcu1525/multes_vcu1525/multes_vcu1525.srcs/sources_1/imports/muu/muu_value_get_decompress.v
file delete -force /home/mihalic/vivado/multes-vcu1525/multes_vcu1525/multes_vcu1525.srcs/sources_1/imports/muu/muu_value_get_decompress.v
add_files -norecurse /home/mihalic/vivado/multes-vcu1525/hw/src/muu/muu_value_get_decompress.v
reset_run synth_1
launch_runs impl_1 -to_step write_bitstream -jobs 4
[Mon Sep 30 16:20:22 2019] Launched synth_1...
Run output will be captured here: /home/mihalic/vivado/multes-vcu1525/multes_vcu1525/multes_vcu1525.runs/synth_1/runme.log
[Mon Sep 30 16:20:23 2019] Launched impl_1...
Run output will be captured here: /home/mihalic/vivado/multes-vcu1525/multes_vcu1525/multes_vcu1525.runs/impl_1/runme.log
reset_run synth_1
export_ip_user_files -of_objects  [get_files /home/mihalic/vivado/multes-vcu1525/multes_vcu1525/multes_vcu1525.srcs/sources_1/imports/hw/decompress_engine.v] -no_script -reset -force -quiet
remove_files  /home/mihalic/vivado/multes-vcu1525/multes_vcu1525/multes_vcu1525.srcs/sources_1/imports/hw/decompress_engine.v
file delete -force /home/mihalic/vivado/multes-vcu1525/multes_vcu1525/multes_vcu1525.srcs/sources_1/imports/hw/decompress_engine.v
export_ip_user_files -of_objects  [get_files /home/mihalic/vivado/multes-vcu1525/multes_vcu1525/multes_vcu1525.srcs/sources_1/imports/hw/decompress_group_512to64.v] -no_script -reset -force -quiet
remove_files  /home/mihalic/vivado/multes-vcu1525/multes_vcu1525/multes_vcu1525.srcs/sources_1/imports/hw/decompress_group_512to64.v
file delete -force /home/mihalic/vivado/multes-vcu1525/multes_vcu1525/multes_vcu1525.srcs/sources_1/imports/hw/decompress_group_512to64.v
add_files -norecurse {/home/mihalic/vivado/multes-vcu1525/hw/src/decompression/decompress_engine.v /home/mihalic/vivado/multes-vcu1525/hw/src/decompression/decompress_group_512to64.v}
launch_runs impl_1 -to_step write_bitstream -jobs 4
[Mon Sep 30 16:29:14 2019] Launched synth_1...
Run output will be captured here: /home/mihalic/vivado/multes-vcu1525/multes_vcu1525/multes_vcu1525.runs/synth_1/runme.log
[Mon Sep 30 16:29:14 2019] Launched impl_1...
Run output will be captured here: /home/mihalic/vivado/multes-vcu1525/multes_vcu1525/multes_vcu1525.runs/impl_1/runme.log
reset_run impl_1 -prev_step 
save_wave_config {/home/mihalic/vivado/multes-vcu1525/multes_vcu1525/multes_vcu1525.hw/hw_1/wave/hw_ila_data_1/hw_ila_data_1.wcfg}
exit
INFO: [Common 17-206] Exiting Vivado at Mon Sep 30 17:16:35 2019...
